# JRE version: OpenJDK Runtime Environment Temurin-17.0.19+10 (17.0.19+10) (build 17.0.19+10)
# Java VM: OpenJDK 64-Bit Server VM Temurin-17.0.19+10 (17.0.19+10, mixed mode, sharing, tiered, compressed oops, compressed class ptrs, g1 gc, windows-amd64)
GC Precious Log:
 CPUs: 12 total, 12 available
 Memory: 3780M
 Large Page Support: Disabled
 NUMA Support: Disabled
 Compressed Oops: Enabled (Zero based)
 Heap Region Size: 4M
 Heap Min Capacity: 8M
 Heap Initial Capacity: 60M
 Heap Max Capacity: 4536M
 Pre-touch: Disabled
 Parallel Workers: 10
 Concurrent Workers: 3
 Concurrent Refinement Workers: 10
 Periodic GC: Disabled
Heap:
 garbage-first heap   total 598016K, used 103402K [0x00000006e4800000, 0x0000000800000000)
  region size 4096K, 2 young (8192K), 2 survivors (8192K)
 Metaspace       used 64224K, committed 64768K, reserved 1114112K
  class space    used 8565K, committed 8832K, reserved 1048576K
GC Heap History (20 events):
Event: 168.404 GC heap after
{Heap after GC invocations=47 (full 0):
 garbage-first heap   total 237568K, used 61277K [0x00000006e4800000, 0x0000000800000000)
  region size 4096K, 1 young (4096K), 1 survivors (4096K)
 Metaspace       used 62752K, committed 63296K, reserved 1114112K
  class space    used 8444K, committed 8704K, reserved 1048576K
}
Event: 176.988 GC heap before
{Heap before GC invocations=47 (full 0):
 garbage-first heap   total 237568K, used 196445K [0x00000006e4800000, 0x0000000800000000)
  region size 4096K, 34 young (139264K), 1 survivors (4096K)
 Metaspace       used 63969K, committed 64512K, reserved 1114112K
  class space    used 8550K, committed 8768K, reserved 1048576K
}
Event: 177.072 GC heap after
{Heap after GC invocations=48 (full 0):
 garbage-first heap   total 237568K, used 69502K [0x00000006e4800000, 0x0000000800000000)
  region size 4096K, 2 young (8192K), 2 survivors (8192K)
 Metaspace       used 63969K, committed 64512K, reserved 1114112K
  class space    used 8550K, committed 8768K, reserved 1048576K
}
Event: 178.402 GC heap before
{Heap before GC invocations=48 (full 0):
 garbage-first heap   total 237568K, used 130942K [0x00000006e4800000, 0x0000000800000000)
  region size 4096K, 18 young (73728K), 2 survivors (8192K)
 Metaspace       used 64011K, committed 64512K, reserved 1114112K
  class space    used 8551K, committed 8768K, reserved 1048576K
}
Event: 178.473 GC heap after
{Heap after GC invocations=49 (full 0):
 garbage-first heap   total 237568K, used 70317K [0x00000006e4800000, 0x0000000800000000)
  region size 4096K, 2 young (8192K), 2 survivors (8192K)
 Metaspace       used 64011K, committed 64512K, reserved 1114112K
  class space    used 8551K, committed 8768K, reserved 1048576K
}
Event: 179.300 GC heap before
{Heap before GC invocations=49 (full 0):
 garbage-first heap   total 237568K, used 156333K [0x00000006e4800000, 0x0000000800000000)
  region size 4096K, 24 young (98304K), 2 survivors (8192K)
 Metaspace       used 64085K, committed 64576K, reserved 1114112K
  class space    used 8557K, committed 8768K, reserved 1048576K
}
Event: 179.311 GC heap after
{Heap after GC invocations=50 (full 0):
 garbage-first heap   total 237568K, used 75176K [0x00000006e4800000, 0x0000000800000000)
  region size 4096K, 3 young (12288K), 3 survivors (12288K)
 Metaspace       used 64085K, committed 64576K, reserved 1114112K
  class space    used 8557K, committed 8768K, reserved 1048576K
}
Event: 179.377 GC heap before
{Heap before GC invocations=50 (full 0):
 garbage-first heap   total 237568K, used 87464K [0x00000006e4800000, 0x0000000800000000)
  region size 4096K, 6 young (24576K), 3 survivors (12288K)
 Metaspace       used 64086K, committed 64576K, reserved 1114112K
  class space    used 8557K, committed 8768K, reserved 1048576K
}
Event: 179.492 GC heap after
{Heap after GC invocations=51 (full 0):
 garbage-first heap   total 237568K, used 77680K [0x00000006e4800000, 0x0000000800000000)
  region size 4096K, 1 young (4096K), 1 survivors (4096K)
 Metaspace       used 64086K, committed 64576K, reserved 1114112K
  class space    used 8557K, committed 8768K, reserved 1048576K
}
Event: 179.895 GC heap before
{Heap before GC invocations=51 (full 0):
 garbage-first heap   total 237568K, used 147312K [0x00000006e4800000, 0x0000000800000000)
  region size 4096K, 19 young (77824K), 1 survivors (4096K)
 Metaspace       used 64110K, committed 64640K, reserved 1114112K
  class space    used 8559K, committed 8768K, reserved 1048576K
}
Event: 179.923 GC heap after
{Heap after GC invocations=52 (full 0):
 garbage-first heap   total 598016K, used 88406K [0x00000006e4800000, 0x0000000800000000)
  region size 4096K, 3 young (12288K), 3 survivors (12288K)
 Metaspace       used 64110K, committed 64640K, reserved 1114112K
  class space    used 8559K, committed 8768K, reserved 1048576K
}
Event: 180.283 GC heap before
{Heap before GC invocations=52 (full 0):
 garbage-first heap   total 598016K, used 117078K [0x00000006e4800000, 0x0000000800000000)
  region size 4096K, 10 young (40960K), 3 survivors (12288K)
 Metaspace       used 64112K, committed 64640K, reserved 1114112K
  class space    used 8559K, committed 8768K, reserved 1048576K
}
Event: 180.361 GC heap after
{Heap after GC invocations=53 (full 0):
 garbage-first heap   total 598016K, used 92955K [0x00000006e4800000, 0x0000000800000000)
  region size 4096K, 2 young (8192K), 2 survivors (8192K)
 Metaspace       used 64112K, committed 64640K, reserved 1114112K
  class space    used 8559K, committed 8768K, reserved 1048576K
}
Event: 184.123 GC heap before
{Heap before GC invocations=53 (full 0):
 garbage-first heap   total 598016K, used 166683K [0x00000006e4800000, 0x0000000800000000)
  region size 4096K, 21 young (86016K), 2 survivors (8192K)
 Metaspace       used 64154K, committed 64640K, reserved 1114112K
  class space    used 8559K, committed 8768K, reserved 1048576K
}
Event: 184.181 GC heap after
{Heap after GC invocations=54 (full 0):
 garbage-first heap   total 598016K, used 98769K [0x00000006e4800000, 0x0000000800000000)
  region size 4096K, 3 young (12288K), 3 survivors (12288K)
 Metaspace       used 64154K, committed 64640K, reserved 1114112K
  class space    used 8559K, committed 8768K, reserved 1048576K
}
Event: 185.580 GC heap before
{Heap before GC invocations=54 (full 0):
 garbage-first heap   total 598016K, used 172497K [0x00000006e4800000, 0x0000000800000000)
  region size 4096K, 21 young (86016K), 3 survivors (12288K)
 Metaspace       used 64181K, committed 64704K, reserved 1114112K
  class space    used 8563K, committed 8768K, reserved 1048576K
}
Event: 185.619 GC heap after
{Heap after GC invocations=55 (full 0):
 garbage-first heap   total 598016K, used 103537K [0x00000006e4800000, 0x0000000800000000)
  region size 4096K, 2 young (8192K), 2 survivors (8192K)
 Metaspace       used 64181K, committed 64704K, reserved 1114112K
  class space    used 8563K, committed 8768K, reserved 1048576K
}
Event: 187.357 GC heap before
{Heap before GC invocations=55 (full 0):
 garbage-first heap   total 598016K, used 238705K [0x00000006e4800000, 0x0000000800000000)
  region size 4096K, 35 young (143360K), 2 survivors (8192K)
 Metaspace       used 64207K, committed 64704K, reserved 1114112K
  class space    used 8563K, committed 8768K, reserved 1048576K
}
Event: 187.675 GC heap after
{Heap after GC invocations=56 (full 0):
 garbage-first heap   total 598016K, used 103363K [0x00000006e4800000, 0x0000000800000000)
  region size 4096K, 2 young (8192K), 2 survivors (8192K)
 Metaspace       used 64207K, committed 64704K, reserved 1114112K
  class space    used 8563K, committed 8768K, reserved 1048576K
}
Event: 194.077 GC heap before
{Heap before GC invocations=56 (full 0):
 garbage-first heap   total 598016K, used 299971K [0x00000006e4800000, 0x0000000800000000)
  region size 4096K, 50 young (204800K), 2 survivors (8192K)
 Metaspace       used 64224K, committed 64768K, reserved 1114112K
  class space    used 8565K, committed 8832K, reserved 1048576K
}

